[
  {
    "level": "INFO",
    "message": "android.ndkVersion from module build.gradle is [23.0.7421159]",
    "diagnosticCode": "UNKNOWN"
  },
  {
    "level": "INFO",
    "message": "android.ndkPath from module build.gradle is not set",
    "diagnosticCode": "UNKNOWN"
  },
  {
    "level": "INFO",
    "message": "ndk.dir in local.properties is C:\\projects\\android-ndk-r23-beta5",
    "diagnosticCode": "UNKNOWN"
  },
  {
    "level": "INFO",
    "message": "Not considering ANDROID_NDK_HOME because support was removed after deprecation period.",
    "diagnosticCode": "UNKNOWN"
  },
  {
    "level": "INFO",
    "message": "sdkFolder is C:\\Users\\Admin\\AppData\\Local\\Android\\Sdk",
    "diagnosticCode": "UNKNOWN"
  },
  {
    "level": "INFO",
    "message": "Checking whether deleting ndk.dir and setting android.ndkVersion to [23.0.7421159] would result in the same NDK",
    "diagnosticCode": "UNKNOWN"
  },
  {
    "level": "INFO",
    "message": "android.ndkVersion from module build.gradle is [23.0.7421159]",
    "tag": "ndk.dir delete check",
    "diagnosticCode": "UNKNOWN"
  },
  {
    "level": "INFO",
    "message": "android.ndkPath from module build.gradle is not set",
    "tag": "ndk.dir delete check",
    "diagnosticCode": "UNKNOWN"
  },
  {
    "level": "INFO",
    "message": "ndk.dir in local.properties is not set",
    "tag": "ndk.dir delete check",
    "diagnosticCode": "UNKNOWN"
  },
  {
    "level": "INFO",
    "message": "Not considering ANDROID_NDK_HOME because support was removed after deprecation period.",
    "tag": "ndk.dir delete check",
    "diagnosticCode": "UNKNOWN"
  },
  {
    "level": "INFO",
    "message": "sdkFolder is C:\\Users\\Admin\\AppData\\Local\\Android\\Sdk",
    "tag": "ndk.dir delete check",
    "diagnosticCode": "UNKNOWN"
  },
  {
    "level": "INFO",
    "message": "Folder C:\\Users\\Admin\\AppData\\Local\\Android\\Sdk\\ndk\\23.0.7421159 does not exist. Ignoring.",
    "tag": "ndk.dir delete check",
    "diagnosticCode": "UNKNOWN"
  },
  {
    "level": "INFO",
    "message": "Folder C:\\Users\\Admin\\AppData\\Local\\Android\\Sdk\\ndk-bundle does not exist. Ignoring.",
    "tag": "ndk.dir delete check",
    "diagnosticCode": "UNKNOWN"
  },
  {
    "level": "INFO",
    "message": "Deleting ndk.dir and setting android.ndkVersion to [23.0.7421159] would *not* result in the same NDK.",
    "tag": "ndk.dir delete check",
    "diagnosticCode": "UNKNOWN"
  },
  {
    "level": "WARN",
    "message": "NDK was located by using ndk.dir property. This method is deprecated and will be removed in a future release. Please use android.ndkVersion or android.ndkPath in build.gradle to specify the NDK to use. https://developer.android.com/r/studio-ui/ndk-dir",
    "diagnosticCode": "UNKNOWN"
  }
]