[
  {
    "level": "INFO",
    "message": "android.ndkVersion from module build.gradle is [22.1.7171670]",
    "diagnosticCode": "UNKNOWN"
  },
  {
    "level": "INFO",
    "message": "android.ndkPath from module build.gradle is not set",
    "diagnosticCode": "UNKNOWN"
  },
  {
    "level": "INFO",
    "message": "ndk.dir in local.properties is C:\\projects\\android-ndk-r23-beta5",
    "diagnosticCode": "UNKNOWN"
  },
  {
    "level": "INFO",
    "message": "Not considering ANDROID_NDK_HOME because support was removed after deprecation period.",
    "diagnosticCode": "UNKNOWN"
  },
  {
    "level": "INFO",
    "message": "sdkFolder is C:\\Users\\Admin\\AppData\\Local\\Android\\Sdk",
    "diagnosticCode": "UNKNOWN"
  },
  {
    "level": "ERROR",
    "message": "NDK from ndk.dir at C:\\projects\\android-ndk-r23-beta5 had version [23.0.7421159] which disagrees with android.ndkVersion [22.1.7171670]",
    "diagnosticCode": "UNKNOWN"
  }
]